<?xml version="1.0" encoding="UTF-8"?>
<!-- Generated by org.testng.reporters.JUnitXMLReporter -->
<testsuite ignored="0" hostname="LAPTOP-8LJ1OQ8E" failures="1" tests="2" name="FourTest" time="9.469" errors="0" timestamp="2024-09-13T13:43:30 IST">
  <testcase classname="tests.FourTest" name="testFive" time="0.019"/>
  <testcase classname="tests.FourTest" name="testFour" time="9.231">
    <failure type="java.lang.AssertionError" message="expected [true] but found [false]">
      <![CDATA[java.lang.AssertionError: expected [true] but found [false]
at tests.FourTest.testFour(FourTest.java:24)
at java.base/java.util.ArrayList.forEach(ArrayList.java:1597)
at java.base/java.util.concurrent.FutureTask.run(FutureTask.java:317)
at java.base/java.util.concurrent.ThreadPoolExecutor.runWorker(ThreadPoolExecutor.java:1144)
at java.base/java.util.concurrent.ThreadPoolExecutor$Worker.run(ThreadPoolExecutor.java:642)
at java.base/java.lang.Thread.run(Thread.java:1570)
... Removed 19 stack frames]]>
    </failure>
  </testcase> <!-- testFour -->
</testsuite> <!-- FourTest -->
