<?xml version="1.0" encoding="UTF-8"?>
<!-- Generated by org.testng.reporters.JUnitXMLReporter -->
<testsuite ignored="0" hostname="LAPTOP-8LJ1OQ8E" failures="0" tests="6" name="Test" time="42.329" errors="0" timestamp="2024-09-12T16:58:06 IST">
  <testcase classname="tests.FourTest" name="testTwo" time="0.011"/>
  <testcase classname="tests.RegisterTest" name="register" time="2.415"/>
  <testcase classname="tests.TwoTest" name="testTwo" time="0.003"/>
  <testcase classname="tests.LoginTest" name="login" time="14.441"/>
  <testcase classname="tests.LoginTest" name="login" time="14.527"/>
  <testcase classname="tests.ThreeTest" name="threeTest" time="0.002"/>
</testsuite> <!-- Test -->
