<?xml version="1.0" encoding="UTF-8"?>
<testng-results ignored="0" total="1" passed="1" failed="0" skipped="0">
  <reporter-output>
  </reporter-output>
  <suite started-at="2024-09-14T02:37:18 IST" name="Suite" finished-at="2024-09-14T02:37:38 IST" duration-ms="19688">
    <groups>
      <group name="cucumber">
        <method signature="AbstractTestNGCucumberTests.runScenario(io.cucumber.testng.PickleWrapper,io.cucumber.testng.FeatureWrapper)[pri:0, instance:runner.Runner@5340477f]" name="runScenario" class="io.cucumber.testng.AbstractTestNGCucumberTests"/>
      </group> <!-- cucumber -->
    </groups>
    <test started-at="2024-09-14T02:37:18 IST" name="Runnertestng2" finished-at="2024-09-14T02:37:38 IST" duration-ms="19688">
      <class name="runner.Runner">
        <test-method is-config="true" signature="setUpClass(org.testng.ITestContext)[pri:0, instance:runner.Runner@5340477f]" started-at="2024-09-14T02:37:18 IST" name="setUpClass" finished-at="2024-09-14T02:37:18 IST" duration-ms="186" status="PASS">
          <params>
            <param index="0">
              <value>
                <![CDATA[org.testng.TestRunner@23202fce]]>
              </value>
            </param>
          </params>
          <reporter-output>
          </reporter-output>
        </test-method> <!-- setUpClass -->
        <test-method signature="runScenario(io.cucumber.testng.PickleWrapper,io.cucumber.testng.FeatureWrapper)[pri:0, instance:runner.Runner@5340477f]" started-at="2024-09-14T02:37:18 IST" name="runScenario" description="Runs Cucumber Scenarios" data-provider="scenarios" finished-at="2024-09-14T02:37:38 IST" duration-ms="19440" status="PASS">
          <params>
            <param index="0">
              <value>
                <![CDATA["Login with valid credentials"]]>
              </value>
            </param>
            <param index="1">
              <value>
                <![CDATA["Application Login"]]>
              </value>
            </param>
          </params>
          <reporter-output>
          </reporter-output>
        </test-method> <!-- runScenario -->
        <test-method is-config="true" signature="tearDownClass()[pri:0, instance:runner.Runner@5340477f]" started-at="2024-09-14T02:37:38 IST" name="tearDownClass" finished-at="2024-09-14T02:37:38 IST" duration-ms="5" status="PASS">
          <reporter-output>
          </reporter-output>
        </test-method> <!-- tearDownClass -->
      </class> <!-- runner.Runner -->
    </test> <!-- Runnertestng2 -->
  </suite> <!-- Suite -->
</testng-results>
